

Processing DocumentsController#index (for 127.0.0.1 at 2007-08-18 11:26:13) [GET]
  Session ID: faa78b915f9fb8d88aea58fd92cf2474
  Parameters: {"action"=>"index", "controller"=>"documents"}


Mysql::Error (Can't connect to local MySQL server through socket '/tmp/mysql.sock' (2)):
    /usr/local/lib/ruby/gems/1.8/gems/activerecord-1.15.2/lib/active_record/connection_adapters/mysql_adapter.rb:389:in `real_connect'
    /usr/local/lib/ruby/gems/1.8/gems/activerecord-1.15.2/lib/active_record/connection_adapters/mysql_adapter.rb:389:in `connect'
    /usr/local/lib/ruby/gems/1.8/gems/activerecord-1.15.2/lib/active_record/connection_adapters/mysql_adapter.rb:152:in `initialize'
    /usr/local/lib/ruby/gems/1.8/gems/activerecord-1.15.2/lib/active_record/connection_adapters/mysql_adapter.rb:82:in `new'
    /usr/local/lib/ruby/gems/1.8/gems/activerecord-1.15.2/lib/active_record/connection_adapters/mysql_adapter.rb:82:in `mysql_connection'
    /usr/local/lib/ruby/gems/1.8/gems/activerecord-1.15.2/lib/active_record/connection_adapters/abstract/connection_specification.rb:262:in `send'
    /usr/local/lib/ruby/gems/1.8/gems/activerecord-1.15.2/lib/active_record/connection_adapters/abstract/connection_specification.rb:262:in `connection_without_query_cache='
    /usr/local/lib/ruby/gems/1.8/gems/activerecord-1.15.2/lib/active_record/query_cache.rb:54:in `connection='
    /usr/local/lib/ruby/gems/1.8/gems/activerecord-1.15.2/lib/active_record/connection_adapters/abstract/connection_specification.rb:230:in `retrieve_connection'
    /usr/local/lib/ruby/gems/1.8/gems/activerecord-1.15.2/lib/active_record/connection_adapters/abstract/connection_specification.rb:78:in `connection'
    /usr/local/lib/ruby/gems/1.8/gems/activerecord-1.15.2/lib/active_record/base.rb:1140:in `add_limit!'
    /usr/local/lib/ruby/gems/1.8/gems/activerecord-1.15.2/lib/active_record/base.rb:1102:in `construct_finder_sql'
    /usr/local/lib/ruby/gems/1.8/gems/activerecord-1.15.2/lib/active_record/base.rb:997:in `find_every'
    /usr/local/lib/ruby/gems/1.8/gems/activerecord-1.15.2/lib/active_record/base.rb:418:in `find'
    .//app/controllers/documents_controller.rb:5:in `index'
    /usr/local/lib/ruby/gems/1.8/gems/actionpack-1.13.2/lib/action_controller/base.rb:1095:in `send'
    /usr/local/lib/ruby/gems/1.8/gems/actionpack-1.13.2/lib/action_controller/base.rb:1095:in `perform_action_without_filters'
    /usr/local/lib/ruby/gems/1.8/gems/actionpack-1.13.2/lib/action_controller/filters.rb:632:in `call_filter'
    /usr/local/lib/ruby/gems/1.8/gems/actionpack-1.13.2/lib/action_controller/filters.rb:619:in `perform_action_without_benchmark'
    /usr/local/lib/ruby/gems/1.8/gems/actionpack-1.13.2/lib/action_controller/benchmarking.rb:66:in `perform_action_without_rescue'
    /usr/local/lib/ruby/1.8/benchmark.rb:293:in `measure'
    /usr/local/lib/ruby/gems/1.8/gems/actionpack-1.13.2/lib/action_controller/benchmarking.rb:66:in `perform_action_without_rescue'
    /usr/local/lib/ruby/gems/1.8/gems/actionpack-1.13.2/lib/action_controller/rescue.rb:83:in `perform_action'
    /usr/local/lib/ruby/gems/1.8/gems/actionpack-1.13.2/lib/action_controller/base.rb:430:in `send'
    /usr/local/lib/ruby/gems/1.8/gems/actionpack-1.13.2/lib/action_controller/base.rb:430:in `process_without_filters'
    /usr/local/lib/ruby/gems/1.8/gems/actionpack-1.13.2/lib/action_controller/filters.rb:624:in `process_without_session_management_support'
    /usr/local/lib/ruby/gems/1.8/gems/actionpack-1.13.2/lib/action_controller/session_management.rb:114:in `process'
    /usr/local/lib/ruby/gems/1.8/gems/actionpack-1.13.2/lib/action_controller/base.rb:330:in `process'
    /usr/local/lib/ruby/gems/1.8/gems/rails-1.2.2/lib/dispatcher.rb:41:in `dispatch'
    /usr/local/lib/ruby/gems/1.8/gems/mongrel-1.0.1/lib/mongrel/rails.rb:78:in `process'
    /usr/local/lib/ruby/gems/1.8/gems/mongrel-1.0.1/lib/mongrel/rails.rb:76:in `synchronize'
    /usr/local/lib/ruby/gems/1.8/gems/mongrel-1.0.1/lib/mongrel/rails.rb:76:in `process'
    /usr/local/lib/ruby/gems/1.8/gems/mongrel-1.0.1/lib/mongrel.rb:618:in `process_client'
    /usr/local/lib/ruby/gems/1.8/gems/mongrel-1.0.1/lib/mongrel.rb:617:in `each'
    /usr/local/lib/ruby/gems/1.8/gems/mongrel-1.0.1/lib/mongrel.rb:617:in `process_client'
    /usr/local/lib/ruby/gems/1.8/gems/mongrel-1.0.1/lib/mongrel.rb:736:in `run'
    /usr/local/lib/ruby/gems/1.8/gems/mongrel-1.0.1/lib/mongrel.rb:736:in `initialize'
    /usr/local/lib/ruby/gems/1.8/gems/mongrel-1.0.1/lib/mongrel.rb:736:in `new'
    /usr/local/lib/ruby/gems/1.8/gems/mongrel-1.0.1/lib/mongrel.rb:736:in `run'
    /usr/local/lib/ruby/gems/1.8/gems/mongrel-1.0.1/lib/mongrel.rb:720:in `initialize'
    /usr/local/lib/ruby/gems/1.8/gems/mongrel-1.0.1/lib/mongrel.rb:720:in `new'
    /usr/local/lib/ruby/gems/1.8/gems/mongrel-1.0.1/lib/mongrel.rb:720:in `run'
    /usr/local/lib/ruby/gems/1.8/gems/mongrel-1.0.1/lib/mongrel/configurator.rb:271:in `run'
    /usr/local/lib/ruby/gems/1.8/gems/mongrel-1.0.1/lib/mongrel/configurator.rb:270:in `each'
    /usr/local/lib/ruby/gems/1.8/gems/mongrel-1.0.1/lib/mongrel/configurator.rb:270:in `run'
    /usr/local/lib/ruby/gems/1.8/gems/mongrel-1.0.1/bin/mongrel_rails:127:in `run'
    /usr/local/lib/ruby/gems/1.8/gems/mongrel-1.0.1/lib/mongrel/command.rb:211:in `run'
    /usr/local/lib/ruby/gems/1.8/gems/mongrel-1.0.1/bin/mongrel_rails:243
    /usr/local/lib/ruby/gems/1.8/gems/activesupport-1.4.1/lib/active_support/dependencies.rb:488:in `load'
    /usr/local/lib/ruby/gems/1.8/gems/activesupport-1.4.1/lib/active_support/dependencies.rb:488:in `load'
    /usr/local/lib/ruby/gems/1.8/gems/activesupport-1.4.1/lib/active_support/dependencies.rb:342:in `new_constants_in'
    /usr/local/lib/ruby/gems/1.8/gems/activesupport-1.4.1/lib/active_support/dependencies.rb:488:in `load'
    /usr/local/lib/ruby/gems/1.8/gems/rails-1.2.2/lib/commands/servers/mongrel.rb:60
    /usr/local/lib/ruby/site_ruby/1.8/rubygems/custom_require.rb:27:in `gem_original_require'
    /usr/local/lib/ruby/site_ruby/1.8/rubygems/custom_require.rb:27:in `require'
    /usr/local/lib/ruby/gems/1.8/gems/activesupport-1.4.1/lib/active_support/dependencies.rb:495:in `require'
    /usr/local/lib/ruby/gems/1.8/gems/activesupport-1.4.1/lib/active_support/dependencies.rb:342:in `new_constants_in'
    /usr/local/lib/ruby/gems/1.8/gems/activesupport-1.4.1/lib/active_support/dependencies.rb:495:in `require'
    /usr/local/lib/ruby/gems/1.8/gems/rails-1.2.2/lib/commands/server.rb:39
    /usr/local/lib/ruby/site_ruby/1.8/rubygems/custom_require.rb:27:in `gem_original_require'
    /usr/local/lib/ruby/site_ruby/1.8/rubygems/custom_require.rb:27:in `require'
    script/server:3


Rendering /usr/local/lib/ruby/gems/1.8/gems/actionpack-1.13.2/lib/action_controller/templates/rescues/layout.rhtml (500 Internal Error)
  [4;36;1mSQL (0.043263)[0m   [0;1mSET SQL_AUTO_IS_NULL=0[0m
  [4;35;1mSQL (0.007872)[0m   [0mCREATE TABLE schema_info (version int(11))[0m
  [4;36;1mSQL (0.013523)[0m   [0;1mINSERT INTO schema_info (version) VALUES(0)[0m
  [4;35;1mSQL (0.000000)[0m   [0mMysql::Error: Table 'schema_info' already exists: CREATE TABLE schema_info (version int(11))[0m
  [4;36;1mSQL (0.002699)[0m   [0;1mSELECT version FROM schema_info[0m
Migrating to CreateDocuments (1)
  [4;35;1mSQL (0.026575)[0m   [0mCREATE TABLE documents (`id` int(11) DEFAULT NULL auto_increment PRIMARY KEY, `title` text DEFAULT NULL, `content` text DEFAULT NULL) ENGINE=InnoDB[0m
  [4;36;1mSQL (0.001075)[0m   [0;1mUPDATE schema_info SET version = 1[0m
  [4;35;1mSQL (0.000245)[0m   [0mSELECT * FROM schema_info[0m
  [4;36;1mSQL (0.012852)[0m   [0;1mSHOW TABLES[0m
  [4;35;1mSQL (0.001982)[0m   [0mSHOW FIELDS FROM documents[0m
  [4;36;1mSQL (0.000363)[0m   [0;1mSHOW KEYS FROM documents[0m


Processing DocumentsController#index (for 127.0.0.1 at 2007-08-18 11:27:25) [GET]
  Session ID: faa78b915f9fb8d88aea58fd92cf2474
  Parameters: {"action"=>"index", "controller"=>"documents"}
  [4;36;1mSQL (0.000132)[0m   [0;1mSET SQL_AUTO_IS_NULL=0[0m
  [4;35;1mDocument Load (0.001023)[0m   [0mSELECT * FROM documents [0m
Rendering layoutfalsecontent_typetext/htmlactionindex within layouts/documents
Rendering documents/index
Completed in 0.01359 (73 reqs/sec) | Rendering: 0.00334 (24%) | DB: 0.00116 (8%) | 200 OK [http://localhost/documents]


Processing DocumentsController#new (for 127.0.0.1 at 2007-08-18 11:27:28) [GET]
  Session ID: faa78b915f9fb8d88aea58fd92cf2474
  Parameters: {"action"=>"new", "controller"=>"documents"}
  [4;36;1mDocument Columns (0.001465)[0m   [0;1mSHOW FIELDS FROM documents[0m
Rendering  within layouts/documents
Rendering documents/new
Completed in 0.00933 (107 reqs/sec) | Rendering: 0.00289 (31%) | DB: 0.00146 (15%) | 200 OK [http://localhost/documents/new]


Processing DocumentsController#index (for 127.0.0.1 at 2007-08-18 11:27:37) [GET]
  Session ID: faa78b915f9fb8d88aea58fd92cf2474
  Parameters: {"action"=>"index", "controller"=>"documents"}
  [4;35;1mDocument Load (0.000304)[0m   [0mSELECT * FROM documents [0m
Rendering layoutfalsecontent_typetext/htmlactionindex within layouts/documents
Rendering documents/index
Completed in 0.00870 (114 reqs/sec) | Rendering: 0.00123 (14%) | DB: 0.00030 (3%) | 200 OK [http://localhost/documents]


Processing DocumentsController#new (for 127.0.0.1 at 2007-08-18 11:27:38) [GET]
  Session ID: faa78b915f9fb8d88aea58fd92cf2474
  Parameters: {"action"=>"new", "controller"=>"documents"}
  [4;36;1mDocument Columns (0.001476)[0m   [0;1mSHOW FIELDS FROM documents[0m
Rendering  within layouts/documents
Rendering documents/new


ActionView::TemplateError (undefined method `text_input' for #<ActionView::Helpers::FormBuilder:0x3368424>) on line #8 of app/views/documents/new.rhtml:
5: <% form_for(:document, :url => documents_path) do |f| %>
6:   <p>
7:     <b>Title</b><br />
8:     <%= f.text_input :title %>
9:   </p>
10: 
11:   <p>

    #{RAILS_ROOT}/app/views/documents/new.rhtml:8:in `_run_rhtml_47app47views47documents47new46rhtml'
    /usr/local/lib/ruby/gems/1.8/gems/actionpack-1.13.2/lib/action_view/helpers/form_helper.rb:151:in `fields_for'
    /usr/local/lib/ruby/gems/1.8/gems/actionpack-1.13.2/lib/action_view/helpers/form_helper.rb:127:in `form_for'
    #{RAILS_ROOT}/app/views/documents/new.rhtml:5:in `_run_rhtml_47app47views47documents47new46rhtml'
    /usr/local/lib/ruby/gems/1.8/gems/actionpack-1.13.2/lib/action_view/base.rb:326:in `send'
    /usr/local/lib/ruby/gems/1.8/gems/actionpack-1.13.2/lib/action_view/base.rb:326:in `compile_and_render_template'
    /usr/local/lib/ruby/gems/1.8/gems/actionpack-1.13.2/lib/action_view/base.rb:301:in `render_template'
    /usr/local/lib/ruby/gems/1.8/gems/actionpack-1.13.2/lib/action_view/base.rb:260:in `render_file'
    /usr/local/lib/ruby/gems/1.8/gems/actionpack-1.13.2/lib/action_controller/base.rb:806:in `render_file'
    /usr/local/lib/ruby/gems/1.8/gems/actionpack-1.13.2/lib/action_controller/base.rb:711:in `render_with_no_layout'
    /usr/local/lib/ruby/gems/1.8/gems/actionpack-1.13.2/lib/action_controller/layout.rb:247:in `render_without_benchmark'
    /usr/local/lib/ruby/gems/1.8/gems/actionpack-1.13.2/lib/action_controller/benchmarking.rb:50:in `render'
    /usr/local/lib/ruby/1.8/benchmark.rb:293:in `measure'
    /usr/local/lib/ruby/gems/1.8/gems/actionpack-1.13.2/lib/action_controller/benchmarking.rb:50:in `render'
    /usr/local/lib/ruby/gems/1.8/gems/actionpack-1.13.2/lib/action_controller/base.rb:1096:in `perform_action_without_filters'
    /usr/local/lib/ruby/gems/1.8/gems/actionpack-1.13.2/lib/action_controller/filters.rb:632:in `call_filter'
    /usr/local/lib/ruby/gems/1.8/gems/actionpack-1.13.2/lib/action_controller/filters.rb:619:in `perform_action_without_benchmark'
    /usr/local/lib/ruby/gems/1.8/gems/actionpack-1.13.2/lib/action_controller/benchmarking.rb:66:in `perform_action_without_rescue'
    /usr/local/lib/ruby/1.8/benchmark.rb:293:in `measure'
    /usr/local/lib/ruby/gems/1.8/gems/actionpack-1.13.2/lib/action_controller/benchmarking.rb:66:in `perform_action_without_rescue'
    /usr/local/lib/ruby/gems/1.8/gems/actionpack-1.13.2/lib/action_controller/rescue.rb:83:in `perform_action'
    /usr/local/lib/ruby/gems/1.8/gems/actionpack-1.13.2/lib/action_controller/base.rb:430:in `send'
    /usr/local/lib/ruby/gems/1.8/gems/actionpack-1.13.2/lib/action_controller/base.rb:430:in `process_without_filters'
    /usr/local/lib/ruby/gems/1.8/gems/actionpack-1.13.2/lib/action_controller/filters.rb:624:in `process_without_session_management_support'
    /usr/local/lib/ruby/gems/1.8/gems/actionpack-1.13.2/lib/action_controller/session_management.rb:114:in `process'
    /usr/local/lib/ruby/gems/1.8/gems/actionpack-1.13.2/lib/action_controller/base.rb:330:in `process'
    /usr/local/lib/ruby/gems/1.8/gems/rails-1.2.2/lib/dispatcher.rb:41:in `dispatch'
    /usr/local/lib/ruby/gems/1.8/gems/mongrel-1.0.1/lib/mongrel/rails.rb:78:in `process'
    /usr/local/lib/ruby/gems/1.8/gems/mongrel-1.0.1/lib/mongrel/rails.rb:76:in `synchronize'
    /usr/local/lib/ruby/gems/1.8/gems/mongrel-1.0.1/lib/mongrel/rails.rb:76:in `process'
    /usr/local/lib/ruby/gems/1.8/gems/mongrel-1.0.1/lib/mongrel.rb:618:in `process_client'
    /usr/local/lib/ruby/gems/1.8/gems/mongrel-1.0.1/lib/mongrel.rb:617:in `each'
    /usr/local/lib/ruby/gems/1.8/gems/mongrel-1.0.1/lib/mongrel.rb:617:in `process_client'
    /usr/local/lib/ruby/gems/1.8/gems/mongrel-1.0.1/lib/mongrel.rb:736:in `run'
    /usr/local/lib/ruby/gems/1.8/gems/mongrel-1.0.1/lib/mongrel.rb:736:in `initialize'
    /usr/local/lib/ruby/gems/1.8/gems/mongrel-1.0.1/lib/mongrel.rb:736:in `new'
    /usr/local/lib/ruby/gems/1.8/gems/mongrel-1.0.1/lib/mongrel.rb:736:in `run'
    /usr/local/lib/ruby/gems/1.8/gems/mongrel-1.0.1/lib/mongrel.rb:720:in `initialize'
    /usr/local/lib/ruby/gems/1.8/gems/mongrel-1.0.1/lib/mongrel.rb:720:in `new'
    /usr/local/lib/ruby/gems/1.8/gems/mongrel-1.0.1/lib/mongrel.rb:720:in `run'
    /usr/local/lib/ruby/gems/1.8/gems/mongrel-1.0.1/lib/mongrel/configurator.rb:271:in `run'
    /usr/local/lib/ruby/gems/1.8/gems/mongrel-1.0.1/lib/mongrel/configurator.rb:270:in `each'
    /usr/local/lib/ruby/gems/1.8/gems/mongrel-1.0.1/lib/mongrel/configurator.rb:270:in `run'
    /usr/local/lib/ruby/gems/1.8/gems/mongrel-1.0.1/bin/mongrel_rails:127:in `run'
    /usr/local/lib/ruby/gems/1.8/gems/mongrel-1.0.1/lib/mongrel/command.rb:211:in `run'
    /usr/local/lib/ruby/gems/1.8/gems/mongrel-1.0.1/bin/mongrel_rails:243
    /usr/local/lib/ruby/gems/1.8/gems/activesupport-1.4.1/lib/active_support/dependencies.rb:488:in `load'
    /usr/local/lib/ruby/gems/1.8/gems/activesupport-1.4.1/lib/active_support/dependencies.rb:488:in `load'
    /usr/local/lib/ruby/gems/1.8/gems/activesupport-1.4.1/lib/active_support/dependencies.rb:342:in `new_constants_in'
    /usr/local/lib/ruby/gems/1.8/gems/activesupport-1.4.1/lib/active_support/dependencies.rb:488:in `load'
    /usr/local/lib/ruby/gems/1.8/gems/rails-1.2.2/lib/commands/servers/mongrel.rb:60
    /usr/local/lib/ruby/site_ruby/1.8/rubygems/custom_require.rb:27:in `gem_original_require'
    /usr/local/lib/ruby/site_ruby/1.8/rubygems/custom_require.rb:27:in `require'
    /usr/local/lib/ruby/gems/1.8/gems/activesupport-1.4.1/lib/active_support/dependencies.rb:495:in `require'
    /usr/local/lib/ruby/gems/1.8/gems/activesupport-1.4.1/lib/active_support/dependencies.rb:342:in `new_constants_in'
    /usr/local/lib/ruby/gems/1.8/gems/activesupport-1.4.1/lib/active_support/dependencies.rb:495:in `require'
    /usr/local/lib/ruby/gems/1.8/gems/rails-1.2.2/lib/commands/server.rb:39
    /usr/local/lib/ruby/site_ruby/1.8/rubygems/custom_require.rb:27:in `gem_original_require'
    /usr/local/lib/ruby/site_ruby/1.8/rubygems/custom_require.rb:27:in `require'
    script/server:3


Rendering /usr/local/lib/ruby/gems/1.8/gems/actionpack-1.13.2/lib/action_controller/templates/rescues/layout.rhtml (500 Internal Error)


Processing DocumentsController#new (for 127.0.0.1 at 2007-08-18 11:27:50) [GET]
  Session ID: faa78b915f9fb8d88aea58fd92cf2474
  Parameters: {"action"=>"new", "controller"=>"documents"}
  [4;35;1mDocument Columns (0.001541)[0m   [0mSHOW FIELDS FROM documents[0m
Rendering  within layouts/documents
Rendering documents/new
Completed in 0.00934 (107 reqs/sec) | Rendering: 0.00271 (28%) | DB: 0.00154 (16%) | 200 OK [http://localhost/documents/new]


Processing DocumentsController#create (for 127.0.0.1 at 2007-08-18 11:28:49) [POST]
  Session ID: faa78b915f9fb8d88aea58fd92cf2474
  Parameters: {"commit"=>"Create", "action"=>"create", "document"=>{"title"=>"MI5 Combat Training", "content"=>"You have been trained in combat at MI5.  You can use the Restrain and Disarm combat abilities.  (For details on these abilities, see the rules.)"}, "controller"=>"documents"}
  [4;36;1mDocument Columns (0.001451)[0m   [0;1mSHOW FIELDS FROM documents[0m
  [4;35;1mSQL (0.000110)[0m   [0mBEGIN[0m
  [4;36;1mSQL (0.000264)[0m   [0;1mINSERT INTO documents (`title`, `content`) VALUES('MI5 Combat Training', 'You have been trained in combat at MI5. You can use the Restrain and Disarm combat abilities. (For details on these abilities, see the rules.)')[0m
  [4;35;1mSQL (0.000421)[0m   [0mCOMMIT[0m
Redirected to http://localhost:3000/documents/1
Completed in 0.00964 (103 reqs/sec) | DB: 0.00225 (23%) | 302 Found [http://localhost/documents]


Processing DocumentsController#show (for 127.0.0.1 at 2007-08-18 11:28:49) [GET]
  Session ID: faa78b915f9fb8d88aea58fd92cf2474
  Parameters: {"action"=>"show", "id"=>"1", "controller"=>"documents"}
  [4;36;1mDocument Columns (0.001470)[0m   [0;1mSHOW FIELDS FROM documents[0m
  [4;35;1mDocument Load (0.036022)[0m   [0mSELECT * FROM documents WHERE (documents.id = 1) [0m
Rendering layoutfalsecontent_typetext/htmlactionshow within layouts/documents
Rendering documents/show
Completed in 0.04693 (21 reqs/sec) | Rendering: 0.00273 (5%) | DB: 0.03749 (79%) | 200 OK [http://localhost/documents/1]


Processing DocumentsController#index (for 127.0.0.1 at 2007-08-18 11:28:51) [GET]
  Session ID: faa78b915f9fb8d88aea58fd92cf2474
  Parameters: {"action"=>"index", "controller"=>"documents"}
  [4;36;1mDocument Load (0.000327)[0m   [0;1mSELECT * FROM documents [0m
Rendering layoutfalsecontent_typetext/htmlactionindex within layouts/documents
Rendering documents/index
  [4;35;1mDocument Columns (0.001385)[0m   [0mSHOW FIELDS FROM documents[0m
Completed in 0.01005 (99 reqs/sec) | Rendering: 0.00308 (30%) | DB: 0.00171 (17%) | 200 OK [http://localhost/documents]


Processing DocumentsController#show (for 127.0.0.1 at 2007-08-18 11:28:58) [GET]
  Session ID: faa78b915f9fb8d88aea58fd92cf2474
  Parameters: {"action"=>"show", "id"=>"1", "controller"=>"documents"}
  [4;36;1mDocument Columns (0.005140)[0m   [0;1mSHOW FIELDS FROM documents[0m
  [4;35;1mDocument Load (0.000382)[0m   [0mSELECT * FROM documents WHERE (documents.id = 1) [0m
Rendering layoutfalsecontent_typetext/htmlactionshow within layouts/documents
Rendering documents/show
Completed in 0.01310 (76 reqs/sec) | Rendering: 0.00191 (14%) | DB: 0.00552 (42%) | 200 OK [http://localhost/documents/1]


Processing DocumentsController#edit (for 127.0.0.1 at 2007-08-18 11:29:00) [GET]
  Session ID: faa78b915f9fb8d88aea58fd92cf2474
  Parameters: {"action"=>"edit", "id"=>"1", "controller"=>"documents"}
  [4;36;1mDocument Columns (0.001430)[0m   [0;1mSHOW FIELDS FROM documents[0m
  [4;35;1mDocument Load (0.000356)[0m   [0mSELECT * FROM documents WHERE (documents.id = 1) [0m
Rendering  within layouts/documents
Rendering documents/edit
Completed in 0.01056 (94 reqs/sec) | Rendering: 0.00357 (33%) | DB: 0.00179 (16%) | 200 OK [http://localhost/documents/1;edit]
  [4;36;1mSQL (0.000141)[0m   [0;1mSET SQL_AUTO_IS_NULL=0[0m
  [4;35;1mDocument Load (0.000283)[0m   [0mSELECT * FROM documents LIMIT 1[0m
  [4;36;1mDocument Load (0.000314)[0m   [0;1mSELECT * FROM documents LIMIT 1[0m
  [4;35;1mDocument Columns (0.001835)[0m   [0mSHOW FIELDS FROM documents[0m
  [4;36;1mDocument Load (0.000331)[0m   [0;1mSELECT * FROM documents LIMIT 1[0m
  [4;35;1mDocument Load (0.000330)[0m   [0mSELECT * FROM documents LIMIT 1[0m
  [4;36;1mSQL (0.116742)[0m   [0;1mSET SQL_AUTO_IS_NULL=0[0m
  [4;35;1mSQL (0.000000)[0m   [0mMysql::Error: Table 'schema_info' already exists: CREATE TABLE schema_info (version int(11))[0m
  [4;36;1mSQL (0.041721)[0m   [0;1mSELECT version FROM schema_info[0m
  [4;35;1mSQL (0.000257)[0m   [0mSELECT version FROM schema_info[0m
  [4;36;1mSQL (0.000000)[0m   [0;1mMysql::Error: Table 'schema_info' already exists: CREATE TABLE schema_info (version int(11))[0m
  [4;35;1mSQL (0.000214)[0m   [0mSELECT version FROM schema_info[0m
  [4;36;1mSQL (0.000110)[0m   [0;1mSELECT version FROM schema_info[0m
  [4;35;1mSQL (0.000107)[0m   [0mSELECT version FROM schema_info[0m
  [4;36;1mSQL (0.000110)[0m   [0;1mSELECT version FROM schema_info[0m
  [4;35;1mSQL (0.000116)[0m   [0mSELECT version FROM schema_info[0m
Migrating to CreateDocuments (1)
  [4;36;1mSQL (0.000134)[0m   [0;1mSET SQL_AUTO_IS_NULL=0[0m
  [4;35;1mSQL (0.000000)[0m   [0mMysql::Error: Table 'schema_info' already exists: CREATE TABLE schema_info (version int(11))[0m
  [4;36;1mSQL (0.000192)[0m   [0;1mSELECT version FROM schema_info[0m
  [4;35;1mSQL (0.000155)[0m   [0mSELECT version FROM schema_info[0m
  [4;36;1mSQL (0.000000)[0m   [0;1mMysql::Error: Table 'schema_info' already exists: CREATE TABLE schema_info (version int(11))[0m
  [4;35;1mSQL (0.000362)[0m   [0mSELECT version FROM schema_info[0m
  [4;36;1mSQL (0.000142)[0m   [0;1mSELECT version FROM schema_info[0m
  [4;35;1mSQL (0.000151)[0m   [0mSELECT version FROM schema_info[0m
  [4;36;1mSQL (0.000120)[0m   [0;1mSELECT version FROM schema_info[0m
  [4;35;1mSQL (0.000119)[0m   [0mSELECT version FROM schema_info[0m
Migrating to CreateDocuments (1)
  [4;36;1mSQL (0.000000)[0m   [0;1mMysql::Error: Unknown table 'document_versions': DROP TABLE document_versions[0m
  [4;36;1mSQL (0.000192)[0m   [0;1mSET SQL_AUTO_IS_NULL=0[0m
  [4;35;1mSQL (0.012570)[0m   [0mCREATE TABLE schema_info (version int(11))[0m
  [4;36;1mSQL (0.018964)[0m   [0;1mINSERT INTO schema_info (version) VALUES(0)[0m
  [4;35;1mSQL (0.000000)[0m   [0mMysql::Error: Table 'schema_info' already exists: CREATE TABLE schema_info (version int(11))[0m
  [4;36;1mSQL (0.000257)[0m   [0;1mSELECT version FROM schema_info[0m
Migrating to CreateDocuments (1)
  [4;35;1mSQL (0.054650)[0m   [0mCREATE TABLE documents (`id` int(11) DEFAULT NULL auto_increment PRIMARY KEY, `title` text DEFAULT NULL, `content` text DEFAULT NULL, `created_at` datetime DEFAULT NULL, `updated_at` datetime DEFAULT NULL, `template_id` int(11) DEFAULT NULL, `version` int(11) DEFAULT NULL) ENGINE=InnoDB[0m
  [4;36;1mDocument Columns (0.002026)[0m   [0;1mSHOW FIELDS FROM documents[0m
  [4;35;1mSQL (0.032794)[0m   [0mCREATE TABLE document_versions (`id` int(11) DEFAULT NULL auto_increment PRIMARY KEY, `document_id` int(11) DEFAULT NULL, `version` int(11) DEFAULT NULL) ENGINE=InnoDB[0m
  [4;36;1mSQL (0.031151)[0m   [0;1mALTER TABLE document_versions ADD `title` text DEFAULT NULL[0m
  [4;35;1mSQL (0.005291)[0m   [0mALTER TABLE document_versions ADD `content` text DEFAULT NULL[0m
  [4;36;1mSQL (0.004711)[0m   [0;1mALTER TABLE document_versions ADD `created_at` datetime DEFAULT NULL[0m
  [4;35;1mSQL (0.005174)[0m   [0mALTER TABLE document_versions ADD `updated_at` datetime DEFAULT NULL[0m
  [4;36;1mSQL (0.005416)[0m   [0;1mALTER TABLE document_versions ADD `template_id` int(11) DEFAULT NULL[0m
  [4;35;1mSQL (0.000327)[0m   [0mUPDATE schema_info SET version = 1[0m
  [4;36;1mSQL (0.000171)[0m   [0;1mSELECT version FROM schema_info[0m
Migrating to CreateTemplates (2)
  [4;35;1mSQL (0.002152)[0m   [0mCREATE TABLE templates (`id` int(11) DEFAULT NULL auto_increment PRIMARY KEY, `name` varchar(255) DEFAULT NULL, `parent_id` int(11) DEFAULT NULL) ENGINE=InnoDB[0m
  [4;36;1mSQL (0.000258)[0m   [0;1mUPDATE schema_info SET version = 2[0m
  [4;35;1mSQL (0.000149)[0m   [0mSELECT version FROM schema_info[0m
Migrating to CreateAttributes (3)
  [4;36;1mSQL (0.001932)[0m   [0;1mCREATE TABLE attributes (`id` int(11) DEFAULT NULL auto_increment PRIMARY KEY, `name` varchar(255) DEFAULT NULL, `attribute_configuration_id` int(11) DEFAULT NULL, `attribute_configuration_type` varchar(255) DEFAULT NULL) ENGINE=InnoDB[0m
  [4;35;1mSQL (0.000247)[0m   [0mUPDATE schema_info SET version = 3[0m
  [4;36;1mSQL (0.000147)[0m   [0;1mSELECT version FROM schema_info[0m
Migrating to CreateRelationshipTypes (5)
  [4;35;1mSQL (0.002148)[0m   [0mCREATE TABLE relationship_types (`id` int(11) DEFAULT NULL auto_increment PRIMARY KEY, `name` varchar(255) DEFAULT NULL, `left_description` varchar(255) DEFAULT NULL, `right_description` varchar(255) DEFAULT NULL, `left_type` varchar(255) DEFAULT NULL, `right_type` varchar(255) DEFAULT NULL) ENGINE=InnoDB[0m
  [4;36;1mSQL (0.002032)[0m   [0;1mCREATE TABLE relationship_types_templates (`relationship_type_id` int(11) DEFAULT NULL, `template_id` int(11) DEFAULT NULL) ENGINE=InnoDB[0m
  [4;35;1mSQL (0.000288)[0m   [0mUPDATE schema_info SET version = 5[0m
  [4;36;1mSQL (0.000156)[0m   [0;1mSELECT version FROM schema_info[0m
Migrating to CreateStructures (6)
  [4;35;1mSQL (0.002080)[0m   [0mCREATE TABLE structures (`id` int(11) DEFAULT NULL auto_increment PRIMARY KEY, `template_id` int(11) DEFAULT NULL) ENGINE=InnoDB[0m
  [4;36;1mSQL (0.000272)[0m   [0;1mUPDATE schema_info SET version = 6[0m
  [4;35;1mSQL (0.000205)[0m   [0mSELECT * FROM schema_info[0m
  [4;36;1mSQL (0.000488)[0m   [0;1mSHOW TABLES[0m
  [4;35;1mSQL (0.026413)[0m   [0mSHOW FIELDS FROM attributes[0m
  [4;36;1mSQL (0.000439)[0m   [0;1mSHOW KEYS FROM attributes[0m
  [4;35;1mSQL (0.001760)[0m   [0mSHOW FIELDS FROM document_versions[0m
  [4;36;1mSQL (0.000363)[0m   [0;1mSHOW KEYS FROM document_versions[0m
  [4;35;1mSQL (0.001408)[0m   [0mSHOW FIELDS FROM documents[0m
  [4;36;1mSQL (0.000362)[0m   [0;1mSHOW KEYS FROM documents[0m
  [4;35;1mSQL (0.009824)[0m   [0mSHOW FIELDS FROM relationship_types[0m
  [4;36;1mSQL (0.000727)[0m   [0;1mSHOW KEYS FROM relationship_types[0m
  [4;35;1mSQL (0.001647)[0m   [0mSHOW FIELDS FROM relationship_types_templates[0m
  [4;36;1mSQL (0.000397)[0m   [0;1mSHOW KEYS FROM relationship_types_templates[0m
  [4;35;1mSQL (0.001619)[0m   [0mSHOW FIELDS FROM structures[0m
  [4;36;1mSQL (0.000513)[0m   [0;1mSHOW KEYS FROM structures[0m
  [4;35;1mSQL (0.001694)[0m   [0mSHOW FIELDS FROM templates[0m
  [4;36;1mSQL (0.000465)[0m   [0;1mSHOW KEYS FROM templates[0m
  [4;36;1mSQL (0.000140)[0m   [0;1mSET SQL_AUTO_IS_NULL=0[0m


Processing DocumentsController#index (for 127.0.0.1 at 2007-08-19 17:39:21) [GET]
  Session ID: faa78b915f9fb8d88aea58fd92cf2474
  Parameters: {"action"=>"index", "controller"=>"documents"}


NameError (undefined local variable or method `acts_as_versioned' for Document:Class):
    /usr/local/lib/ruby/gems/1.8/gems/activerecord-1.15.2/lib/active_record/base.rb:1236:in `method_missing'
    .//app/models/document.rb:2
    /usr/local/lib/ruby/gems/1.8/gems/activesupport-1.4.1/lib/active_support/dependencies.rb:203:in `load_without_new_constant_marking'
    /usr/local/lib/ruby/gems/1.8/gems/activesupport-1.4.1/lib/active_support/dependencies.rb:203:in `load_file'
    /usr/local/lib/ruby/gems/1.8/gems/activesupport-1.4.1/lib/active_support/dependencies.rb:342:in `new_constants_in'
    /usr/local/lib/ruby/gems/1.8/gems/activesupport-1.4.1/lib/active_support/dependencies.rb:202:in `load_file'
    /usr/local/lib/ruby/gems/1.8/gems/activesupport-1.4.1/lib/active_support/dependencies.rb:94:in `require_or_load'
    /usr/local/lib/ruby/gems/1.8/gems/activesupport-1.4.1/lib/active_support/dependencies.rb:248:in `load_missing_constant'
    /usr/local/lib/ruby/gems/1.8/gems/activesupport-1.4.1/lib/active_support/dependencies.rb:452:in `const_missing'
    /usr/local/lib/ruby/gems/1.8/gems/activesupport-1.4.1/lib/active_support/dependencies.rb:464:in `const_missing'
    /usr/local/lib/ruby/gems/1.8/gems/activesupport-1.4.1/lib/active_support/dependencies.rb:470:in `send'
    /usr/local/lib/ruby/gems/1.8/gems/activesupport-1.4.1/lib/active_support/dependencies.rb:470:in `const_missing'
    .//app/controllers/documents_controller.rb:5:in `index'
    /usr/local/lib/ruby/gems/1.8/gems/actionpack-1.13.2/lib/action_controller/base.rb:1095:in `send'
    /usr/local/lib/ruby/gems/1.8/gems/actionpack-1.13.2/lib/action_controller/base.rb:1095:in `perform_action_without_filters'
    /usr/local/lib/ruby/gems/1.8/gems/actionpack-1.13.2/lib/action_controller/filters.rb:632:in `call_filter'
    /usr/local/lib/ruby/gems/1.8/gems/actionpack-1.13.2/lib/action_controller/filters.rb:619:in `perform_action_without_benchmark'
    /usr/local/lib/ruby/gems/1.8/gems/actionpack-1.13.2/lib/action_controller/benchmarking.rb:66:in `perform_action_without_rescue'
    /usr/local/lib/ruby/1.8/benchmark.rb:293:in `measure'
    /usr/local/lib/ruby/gems/1.8/gems/actionpack-1.13.2/lib/action_controller/benchmarking.rb:66:in `perform_action_without_rescue'
    /usr/local/lib/ruby/gems/1.8/gems/actionpack-1.13.2/lib/action_controller/rescue.rb:83:in `perform_action'
    /usr/local/lib/ruby/gems/1.8/gems/actionpack-1.13.2/lib/action_controller/base.rb:430:in `send'
    /usr/local/lib/ruby/gems/1.8/gems/actionpack-1.13.2/lib/action_controller/base.rb:430:in `process_without_filters'
    /usr/local/lib/ruby/gems/1.8/gems/actionpack-1.13.2/lib/action_controller/filters.rb:624:in `process_without_session_management_support'
    /usr/local/lib/ruby/gems/1.8/gems/actionpack-1.13.2/lib/action_controller/session_management.rb:114:in `process'
    /usr/local/lib/ruby/gems/1.8/gems/actionpack-1.13.2/lib/action_controller/base.rb:330:in `process'
    /usr/local/lib/ruby/gems/1.8/gems/rails-1.2.2/lib/dispatcher.rb:41:in `dispatch'
    /usr/local/lib/ruby/gems/1.8/gems/mongrel-1.0.1/lib/mongrel/rails.rb:78:in `process'
    /usr/local/lib/ruby/gems/1.8/gems/mongrel-1.0.1/lib/mongrel/rails.rb:76:in `synchronize'
    /usr/local/lib/ruby/gems/1.8/gems/mongrel-1.0.1/lib/mongrel/rails.rb:76:in `process'
    /usr/local/lib/ruby/gems/1.8/gems/mongrel-1.0.1/lib/mongrel.rb:618:in `process_client'
    /usr/local/lib/ruby/gems/1.8/gems/mongrel-1.0.1/lib/mongrel.rb:617:in `each'
    /usr/local/lib/ruby/gems/1.8/gems/mongrel-1.0.1/lib/mongrel.rb:617:in `process_client'
    /usr/local/lib/ruby/gems/1.8/gems/mongrel-1.0.1/lib/mongrel.rb:736:in `run'
    /usr/local/lib/ruby/gems/1.8/gems/mongrel-1.0.1/lib/mongrel.rb:736:in `initialize'
    /usr/local/lib/ruby/gems/1.8/gems/mongrel-1.0.1/lib/mongrel.rb:736:in `new'
    /usr/local/lib/ruby/gems/1.8/gems/mongrel-1.0.1/lib/mongrel.rb:736:in `run'
    /usr/local/lib/ruby/gems/1.8/gems/mongrel-1.0.1/lib/mongrel.rb:720:in `initialize'
    /usr/local/lib/ruby/gems/1.8/gems/mongrel-1.0.1/lib/mongrel.rb:720:in `new'
    /usr/local/lib/ruby/gems/1.8/gems/mongrel-1.0.1/lib/mongrel.rb:720:in `run'
    /usr/local/lib/ruby/gems/1.8/gems/mongrel-1.0.1/lib/mongrel/configurator.rb:271:in `run'
    /usr/local/lib/ruby/gems/1.8/gems/mongrel-1.0.1/lib/mongrel/configurator.rb:270:in `each'
    /usr/local/lib/ruby/gems/1.8/gems/mongrel-1.0.1/lib/mongrel/configurator.rb:270:in `run'
    /usr/local/lib/ruby/gems/1.8/gems/mongrel-1.0.1/bin/mongrel_rails:127:in `run'
    /usr/local/lib/ruby/gems/1.8/gems/mongrel-1.0.1/lib/mongrel/command.rb:211:in `run'
    /usr/local/lib/ruby/gems/1.8/gems/mongrel-1.0.1/bin/mongrel_rails:243
    /usr/local/lib/ruby/gems/1.8/gems/activesupport-1.4.1/lib/active_support/dependencies.rb:488:in `load'
    /usr/local/lib/ruby/gems/1.8/gems/activesupport-1.4.1/lib/active_support/dependencies.rb:488:in `load'
    /usr/local/lib/ruby/gems/1.8/gems/activesupport-1.4.1/lib/active_support/dependencies.rb:342:in `new_constants_in'
    /usr/local/lib/ruby/gems/1.8/gems/activesupport-1.4.1/lib/active_support/dependencies.rb:488:in `load'
    /usr/local/lib/ruby/gems/1.8/gems/rails-1.2.2/lib/commands/servers/mongrel.rb:60
    /usr/local/lib/ruby/site_ruby/1.8/rubygems/custom_require.rb:27:in `gem_original_require'
    /usr/local/lib/ruby/site_ruby/1.8/rubygems/custom_require.rb:27:in `require'
    /usr/local/lib/ruby/gems/1.8/gems/activesupport-1.4.1/lib/active_support/dependencies.rb:495:in `require'
    /usr/local/lib/ruby/gems/1.8/gems/activesupport-1.4.1/lib/active_support/dependencies.rb:342:in `new_constants_in'
    /usr/local/lib/ruby/gems/1.8/gems/activesupport-1.4.1/lib/active_support/dependencies.rb:495:in `require'
    /usr/local/lib/ruby/gems/1.8/gems/rails-1.2.2/lib/commands/server.rb:39
    /usr/local/lib/ruby/site_ruby/1.8/rubygems/custom_require.rb:27:in `gem_original_require'
    /usr/local/lib/ruby/site_ruby/1.8/rubygems/custom_require.rb:27:in `require'
    script/server:3


Rendering /usr/local/lib/ruby/gems/1.8/gems/actionpack-1.13.2/lib/action_controller/templates/rescues/layout.rhtml (500 Internal Error)


Processing DocumentsController#index (for 127.0.0.1 at 2007-08-19 17:40:08) [GET]
  Session ID: faa78b915f9fb8d88aea58fd92cf2474
  Parameters: {"action"=>"index", "controller"=>"documents"}
  [4;36;1mSQL (0.000150)[0m   [0;1mSET SQL_AUTO_IS_NULL=0[0m
  [4;35;1mDocument Load (0.000303)[0m   [0mSELECT * FROM documents [0m
Rendering layoutfalsecontent_typetext/htmlactionindex within layouts/documents
Rendering documents/index
Completed in 0.05484 (18 reqs/sec) | Rendering: 0.02927 (53%) | DB: 0.00045 (0%) | 200 OK [http://localhost/documents]


Processing DocumentsController#new (for 127.0.0.1 at 2007-08-19 17:40:12) [GET]
  Session ID: faa78b915f9fb8d88aea58fd92cf2474
  Parameters: {"action"=>"new", "controller"=>"documents"}
  [4;36;1mDocument Columns (0.001928)[0m   [0;1mSHOW FIELDS FROM documents[0m
Rendering  within layouts/documents
Rendering documents/new
Completed in 0.02491 (40 reqs/sec) | Rendering: 0.01364 (54%) | DB: 0.00193 (7%) | 200 OK [http://localhost/documents/new]


Processing DocumentsController#create (for 127.0.0.1 at 2007-08-19 17:40:16) [POST]
  Session ID: faa78b915f9fb8d88aea58fd92cf2474
  Parameters: {"commit"=>"Create", "action"=>"create", "document"=>{"title"=>"test", "content"=>"testst"}, "controller"=>"documents"}
  [4;35;1mDocument Columns (0.002173)[0m   [0mSHOW FIELDS FROM documents[0m
  [4;36;1mSQL (0.000118)[0m   [0;1mBEGIN[0m
  [4;35;1mSQL (0.028826)[0m   [0mINSERT INTO documents (`updated_at`, `title`, `template_id`, `version`, `content`, `created_at`) VALUES('2007-08-19 17:40:16', 'test', NULL, 1, 'testst', '2007-08-19 17:40:16')[0m
  [4;36;1mDocument::Version Columns (0.001827)[0m   [0;1mSHOW FIELDS FROM document_versions[0m
  [4;35;1mSQL (0.000319)[0m   [0mINSERT INTO document_versions (`updated_at`, `document_id`, `title`, `template_id`, `version`, `content`, `created_at`) VALUES('2007-08-19 17:40:16', 1, 'test', NULL, 1, 'testst', '2007-08-19 17:40:16')[0m
  [4;36;1mSQL (0.000459)[0m   [0;1mCOMMIT[0m
Redirected to http://localhost:3000/documents/1
Completed in 0.05501 (18 reqs/sec) | DB: 0.03372 (61%) | 302 Found [http://localhost/documents]


Processing DocumentsController#show (for 127.0.0.1 at 2007-08-19 17:40:16) [GET]
  Session ID: faa78b915f9fb8d88aea58fd92cf2474
  Parameters: {"action"=>"show", "id"=>"1", "controller"=>"documents"}
  [4;35;1mDocument Columns (0.002118)[0m   [0mSHOW FIELDS FROM documents[0m
  [4;36;1mDocument Load (0.028185)[0m   [0;1mSELECT * FROM documents WHERE (documents.id = 1) [0m
Rendering layoutfalsecontent_typetext/htmlactionshow within layouts/documents
Rendering documents/show
Completed in 0.04319 (23 reqs/sec) | Rendering: 0.00355 (8%) | DB: 0.03030 (70%) | 200 OK [http://localhost/documents/1]


Processing DocumentsController#edit (for 127.0.0.1 at 2007-08-19 17:40:18) [GET]
  Session ID: faa78b915f9fb8d88aea58fd92cf2474
  Parameters: {"action"=>"edit", "id"=>"1", "controller"=>"documents"}
  [4;35;1mDocument Columns (0.001738)[0m   [0mSHOW FIELDS FROM documents[0m
  [4;36;1mDocument Load (0.000309)[0m   [0;1mSELECT * FROM documents WHERE (documents.id = 1) [0m
Rendering  within layouts/documents
Rendering documents/edit
Completed in 0.01511 (66 reqs/sec) | Rendering: 0.00421 (27%) | DB: 0.00205 (13%) | 200 OK [http://localhost/documents/1;edit]


Processing DocumentsController#update (for 127.0.0.1 at 2007-08-19 17:40:22) [PUT]
  Session ID: faa78b915f9fb8d88aea58fd92cf2474
  Parameters: {"commit"=>"Update", "_method"=>"put", "action"=>"update", "document"=>{"title"=>"test", "content"=>"teststzxcvzxcv"}, "id"=>"1", "controller"=>"documents"}
  [4;35;1mDocument Columns (0.002279)[0m   [0mSHOW FIELDS FROM documents[0m
  [4;36;1mDocument Load (0.000314)[0m   [0;1mSELECT * FROM documents WHERE (documents.id = 1) [0m
  [4;35;1mSQL (0.000077)[0m   [0mBEGIN[0m
  [4;36;1mDocument::Version Columns (0.001666)[0m   [0;1mSHOW FIELDS FROM document_versions[0m
  [4;35;1mSQL (0.018469)[0m   [0mSELECT max(version) AS max_version FROM document_versions WHERE (document_versions.document_id = 1) [0m
  [4;36;1mDocument Update (0.001651)[0m   [0;1mUPDATE documents SET `created_at` = '2007-08-19 17:40:16', `content` = 'teststzxcvzxcv', `template_id` = NULL, `version` = 2, `title` = 'test', `updated_at` = '2007-08-19 17:40:22' WHERE id = 1[0m
  [4;35;1mDocument::Version Load (0.002024)[0m   [0mSELECT * FROM document_versions WHERE (document_versions.document_id = 1) ORDER BY version[0m
  [4;36;1mSQL (0.000256)[0m   [0;1mINSERT INTO document_versions (`updated_at`, `document_id`, `title`, `template_id`, `version`, `content`, `created_at`) VALUES('2007-08-19 17:40:22', 1, 'test', NULL, 2, 'teststzxcvzxcv', '2007-08-19 17:40:16')[0m
  [4;35;1mSQL (0.000447)[0m   [0mCOMMIT[0m
Redirected to http://localhost:3000/documents/1
Completed in 0.05026 (19 reqs/sec) | DB: 0.02718 (54%) | 302 Found [http://localhost/documents/1]


Processing DocumentsController#show (for 127.0.0.1 at 2007-08-19 17:40:22) [GET]
  Session ID: faa78b915f9fb8d88aea58fd92cf2474
  Parameters: {"action"=>"show", "id"=>"1", "controller"=>"documents"}
  [4;36;1mDocument Columns (0.002145)[0m   [0;1mSHOW FIELDS FROM documents[0m
  [4;35;1mDocument Load (0.000304)[0m   [0mSELECT * FROM documents WHERE (documents.id = 1) [0m
Rendering layoutfalsecontent_typetext/htmlactionshow within layouts/documents
Rendering documents/show
Completed in 0.01432 (69 reqs/sec) | Rendering: 0.00226 (15%) | DB: 0.00245 (17%) | 200 OK [http://localhost/documents/1]


Processing DocumentsController#index (for 127.0.0.1 at 2007-08-19 17:40:24) [GET]
  Session ID: faa78b915f9fb8d88aea58fd92cf2474
  Parameters: {"action"=>"index", "controller"=>"documents"}
  [4;36;1mDocument Load (0.000343)[0m   [0;1mSELECT * FROM documents [0m
Rendering layoutfalsecontent_typetext/htmlactionindex within layouts/documents
Rendering documents/index
  [4;35;1mDocument Columns (0.001636)[0m   [0mSHOW FIELDS FROM documents[0m
Completed in 0.01403 (71 reqs/sec) | Rendering: 0.00332 (23%) | DB: 0.00198 (14%) | 200 OK [http://localhost/documents]


Processing DocumentsController#show (for 127.0.0.1 at 2007-08-19 17:40:26) [GET]
  Session ID: faa78b915f9fb8d88aea58fd92cf2474
  Parameters: {"action"=>"show", "id"=>"1", "controller"=>"documents"}
  [4;36;1mDocument Columns (0.001735)[0m   [0;1mSHOW FIELDS FROM documents[0m
  [4;35;1mDocument Load (0.000367)[0m   [0mSELECT * FROM documents WHERE (documents.id = 1) [0m
Rendering layoutfalsecontent_typetext/htmlactionshow within layouts/documents
Rendering documents/show
Completed in 0.01353 (73 reqs/sec) | Rendering: 0.00217 (16%) | DB: 0.00210 (15%) | 200 OK [http://localhost/documents/1]


Processing DocumentsController#index (for 127.0.0.1 at 2007-08-19 19:15:50) [GET]
  Session ID: faa78b915f9fb8d88aea58fd92cf2474
  Parameters: {"action"=>"index", "controller"=>"documents"}
  [4;36;1mDocument Load (0.000344)[0m   [0;1mSELECT * FROM documents [0m
Rendering layoutfalsecontent_typetext/htmlactionindex within layouts/documents
Rendering documents/index
  [4;35;1mDocument Columns (0.001751)[0m   [0mSHOW FIELDS FROM documents[0m
Completed in 0.01755 (56 reqs/sec) | Rendering: 0.00368 (20%) | DB: 0.00209 (11%) | 200 OK [http://localhost/documents]
  [4;36;1mSQL (0.073309)[0m   [0;1mSET SQL_AUTO_IS_NULL=0[0m
  [4;35;1mSQL (0.000000)[0m   [0mMysql::Error: Table 'schema_info' already exists: CREATE TABLE schema_info (version int(11))[0m
  [4;36;1mSQL (0.037533)[0m   [0;1mSELECT version FROM schema_info[0m
  [4;35;1mSQL (0.000171)[0m   [0mSELECT version FROM schema_info[0m
  [4;36;1mSQL (0.000000)[0m   [0;1mMysql::Error: Table 'schema_info' already exists: CREATE TABLE schema_info (version int(11))[0m
  [4;35;1mSQL (0.000407)[0m   [0mSELECT version FROM schema_info[0m
  [4;36;1mSQL (0.000178)[0m   [0;1mSELECT version FROM schema_info[0m
  [4;35;1mSQL (0.000114)[0m   [0mSELECT version FROM schema_info[0m
  [4;36;1mSQL (0.000108)[0m   [0;1mSELECT version FROM schema_info[0m
  [4;35;1mSQL (0.000108)[0m   [0mSELECT version FROM schema_info[0m
Migrating to CreateStructures (6)
  [4;36;1mSQL (0.058558)[0m   [0;1mDROP TABLE structures[0m
  [4;35;1mSQL (0.001205)[0m   [0mUPDATE schema_info SET version = 5[0m
  [4;36;1mSQL (0.000167)[0m   [0;1mSELECT version FROM schema_info[0m
Migrating to CreateRelationshipTypes (5)
  [4;35;1mSQL (0.027191)[0m   [0mDROP TABLE relationship_types[0m
  [4;36;1mSQL (0.000285)[0m   [0;1mUPDATE schema_info SET version = 4[0m
  [4;35;1mSQL (0.000153)[0m   [0mSELECT version FROM schema_info[0m
Migrating to CreateAttributes (3)
  [4;36;1mSQL (0.022553)[0m   [0;1mDROP TABLE attributes[0m
  [4;35;1mSQL (0.000284)[0m   [0mUPDATE schema_info SET version = 2[0m
  [4;36;1mSQL (0.000151)[0m   [0;1mSELECT version FROM schema_info[0m
Migrating to CreateTemplates (2)
  [4;35;1mSQL (0.013891)[0m   [0mDROP TABLE templates[0m
  [4;36;1mSQL (0.000286)[0m   [0;1mUPDATE schema_info SET version = 1[0m
  [4;35;1mSQL (0.000164)[0m   [0mSELECT version FROM schema_info[0m
Migrating to CreateDocuments (1)
  [4;36;1mSQL (0.002515)[0m   [0;1mDROP TABLE document_versions[0m
  [4;35;1mSQL (0.002602)[0m   [0mDROP TABLE documents[0m
  [4;36;1mSQL (0.000291)[0m   [0;1mUPDATE schema_info SET version = 0[0m
  [4;35;1mSQL (0.000263)[0m   [0mSELECT * FROM schema_info[0m
  [4;36;1mSQL (0.016883)[0m   [0;1mSHOW TABLES[0m
  [4;35;1mSQL (0.006408)[0m   [0mSHOW FIELDS FROM relationship_types_templates[0m
  [4;36;1mSQL (0.000508)[0m   [0;1mSHOW KEYS FROM relationship_types_templates[0m
